+++ mktemp
++ OUTPUT=/tmp/tmp.Ej7BXui23P
++ set +e
++ apt-get -y -o Dpkg::Options::=--force-confdef -o Dpkg::Options::=--force-confnew install postfix postfix-sqlite postfix-pcre postgrey ca-certificates
++ E=0
++ set -e
++ '[' 0 '!=' 0 ']'
++ rm -f /tmp/tmp.Ej7BXui23P
++ tools/editconf.py /etc/postfix/main.cf inet_interfaces=all smtp_bind_address=172.31.88.201 smtp_bind_address6= myhostname=box.k3frame.com 'smtpd_banner=$myhostname ESMTP Hi, I'\''m a Mail-in-a-Box (Ubuntu/Postfix; see https://mailinabox.email/)' mydestination=localhost
++ tools/editconf.py /etc/postfix/main.cf delay_warning_time=3h maximal_queue_lifetime=2d bounce_queue_lifetime=1d
++ tools/editconf.py /etc/postfix/main.cf -e smtpd_data_restrictions= smtpd_discard_ehlo_keywords=
++ tools/editconf.py /etc/postfix/main.cf smtpd_forbid_bare_newline=normalize
++ tools/editconf.py /etc/postfix/master.cf -s -w 'smtps=inet n       -       -       -       -       smtpd
	  -o smtpd_tls_wrappermode=yes
	  -o smtpd_sasl_auth_enable=yes
	  -o syslog_name=postfix/submission
	  -o smtpd_milters=inet:127.0.0.1:8891
	  -o cleanup_service_name=authclean' 'submission=inet n       -       -       -       -       smtpd
	  -o smtpd_sasl_auth_enable=yes
	  -o syslog_name=postfix/submission
	  -o smtpd_milters=inet:127.0.0.1:8891
	  -o smtpd_tls_security_level=encrypt
	  -o cleanup_service_name=authclean' 'authclean=unix  n       -       -       -       0       cleanup
	  -o header_checks=pcre:/etc/postfix/outgoing_mail_header_filters
	  -o nested_header_checks='
++ cp conf/postfix_outgoing_mail_header_filters /etc/postfix/outgoing_mail_header_filters
++ sed -i s/PRIMARY_HOSTNAME/box.k3frame.com/ /etc/postfix/outgoing_mail_header_filters
++ sed -i s/PUBLIC_IP/52.202.225.102/ /etc/postfix/outgoing_mail_header_filters
++ tools/editconf.py /etc/postfix/main.cf smtpd_tls_security_level=may smtpd_tls_auth_only=yes smtpd_tls_cert_file=/home/user-data/ssl/ssl_certificate.pem smtpd_tls_key_file=/home/user-data/ssl/ssl_private_key.pem smtpd_tls_dh1024_param_file=/home/user-data/ssl/dh2048.pem 'smtpd_tls_protocols=!SSLv2,!SSLv3' smtpd_tls_ciphers=medium tls_medium_cipherlist=ECDHE-ECDSA-AES128-GCM-SHA256:ECDHE-RSA-AES128-GCM-SHA256:ECDHE-ECDSA-AES256-GCM-SHA384:ECDHE-RSA-AES256-GCM-SHA384:ECDHE-ECDSA-CHACHA20-POLY1305:ECDHE-RSA-CHACHA20-POLY1305:DHE-RSA-AES128-GCM-SHA256:DHE-RSA-AES256-GCM-SHA384:DHE-RSA-CHACHA20-POLY1305:ECDHE-ECDSA-AES128-SHA256:ECDHE-RSA-AES128-SHA256:ECDHE-ECDSA-AES128-SHA:ECDHE-RSA-AES128-SHA:ECDHE-ECDSA-AES256-SHA384:ECDHE-RSA-AES256-SHA384:ECDHE-ECDSA-AES256-SHA:ECDHE-RSA-AES256-SHA:DHE-RSA-AES128-SHA256:DHE-RSA-AES256-SHA256:AES128-GCM-SHA256:AES256-GCM-SHA384:AES128-SHA256:AES256-SHA256:AES128-SHA:AES256-SHA:DES-CBC3-SHA smtpd_tls_exclude_ciphers=aNULL,RC4 tls_preempt_cipherlist=no smtpd_tls_received_header=yes
++ tools/editconf.py /etc/postfix/main.cf 'smtpd_tls_mandatory_protocols=!SSLv2,!SSLv3,!TLSv1,!TLSv1.1' smtpd_tls_mandatory_ciphers=high tls_high_cipherlist=ECDHE-ECDSA-AES128-GCM-SHA256:ECDHE-RSA-AES128-GCM-SHA256:ECDHE-ECDSA-AES256-GCM-SHA384:ECDHE-RSA-AES256-GCM-SHA384:ECDHE-ECDSA-CHACHA20-POLY1305:ECDHE-RSA-CHACHA20-POLY1305:DHE-RSA-AES128-GCM-SHA256:DHE-RSA-AES256-GCM-SHA384 smtpd_tls_mandatory_exclude_ciphers=aNULL,DES,3DES,MD5,DES+MD5,RC4
++ tools/editconf.py /etc/postfix/main.cf smtpd_relay_restrictions=permit_sasl_authenticated,permit_mynetworks,reject_unauth_destination
++ tools/editconf.py /etc/postfix/main.cf 'smtp_tls_protocols=!SSLv2,!SSLv3' smtp_tls_ciphers=medium smtp_tls_exclude_ciphers=aNULL,RC4 smtp_tls_security_level=dane smtp_dns_support_level=dnssec 'smtp_tls_mandatory_protocols=!SSLv2,!SSLv3,!TLSv1,!TLSv1.1' smtp_tls_mandatory_ciphers=high smtp_tls_CAfile=/etc/ssl/certs/ca-certificates.crt smtp_tls_loglevel=2
++ tools/editconf.py /etc/postfix/main.cf 'virtual_transport=lmtp:[127.0.0.1]:10025'
++ tools/editconf.py /etc/postfix/main.cf -e lmtp_destination_recipient_limit=
++ tools/editconf.py /etc/postfix/main.cf 'smtpd_sender_restrictions=reject_non_fqdn_sender,reject_unknown_sender_domain,reject_authenticated_sender_login_mismatch,reject_rhsbl_sender dbl.spamhaus.org=127.0.1.[2..99]' 'smtpd_recipient_restrictions=permit_sasl_authenticated,permit_mynetworks,reject_rbl_client zen.spamhaus.org=127.0.0.[2..11],reject_unlisted_recipient,check_policy_service inet:127.0.0.1:10023,check_policy_service inet:127.0.0.1:12340'
++ tools/editconf.py /etc/default/postgrey 'POSTGREY_OPTS="--inet=127.0.0.1:10023 --delay=180 --dbdir=/home/user-data/mail/postgrey/db"'
++ '[' '!' -d /home/user-data/mail/postgrey/db ']'
++ chown -R postgrey:postgrey /home/user-data/mail/postgrey/
++ chmod 700 /home/user-data/mail/postgrey/ /home/user-data/mail/postgrey/db
++ cat
++ chmod +x /etc/cron.daily/mailinabox-postgrey-whitelist
++ /etc/cron.daily/mailinabox-postgrey-whitelist
++ tools/editconf.py /etc/postfix/main.cf message_size_limit=134217728
++ ufw_allow smtp
++ '[' -z '' ']'
++ ufw allow smtp
++ ufw_allow smtps
++ '[' -z '' ']'
++ ufw allow smtps
++ ufw_allow submission
++ '[' -z '' ']'
++ ufw allow submission
++ restart_service postfix
++ hide_output service postfix restart
+++ mktemp
++ OUTPUT=/tmp/tmp.eOdIDgGQLO
++ set +e
++ service postfix restart
++ E=0
++ set -e
++ '[' 0 '!=' 0 ']'
++ rm -f /tmp/tmp.eOdIDgGQLO
++ restart_service postgrey
++ hide_output service postgrey restart
+++ mktemp
++ OUTPUT=/tmp/tmp.2LYL5pRBk6
++ set +e
++ service postgrey restart
++ E=0
++ set -e
++ '[' 0 '!=' 0 ']'
++ rm -f /tmp/tmp.2LYL5pRBk6
+ source setup/mail-dovecot.sh
++ source setup/functions.sh
+++ set -euo pipefail
+++ PHP_VER=8.0
++ source /etc/mailinabox.conf
+++ STORAGE_USER=user-data
+++ STORAGE_ROOT=/home/user-data
+++ PRIMARY_HOSTNAME=box.k3frame.com
+++ PUBLIC_IP=52.202.225.102
+++ PUBLIC_IPV6=
+++ PRIVATE_IP=172.31.88.201
+++ PRIVATE_IPV6=
+++ MTA_STS_MODE=enforce
++ echo 'Installing Dovecot (IMAP server)...'
Installing Dovecot (IMAP server)...
++ apt_install dovecot-core dovecot-imapd dovecot-pop3d dovecot-lmtpd dovecot-sqlite sqlite3 dovecot-sieve dovecot-managesieved
++ apt_get_quiet install dovecot-core dovecot-imapd dovecot-pop3d dovecot-lmtpd dovecot-sqlite sqlite3 dovecot-sieve dovecot-managesieved
++ DEBIAN_FRONTEND=noninteractive
++ hide_output apt-get -y -o Dpkg::Options::=--force-confdef -o Dpkg::Options::=--force-confnew install dovecot-core dovecot-imapd dovecot-pop3d dovecot-lmtpd dovecot-sqlite sqlite3 dovecot-sieve dovecot-managesieved
+++ mktemp
++ OUTPUT=/tmp/tmp.jeHivn2532
++ set +e
++ apt-get -y -o Dpkg::Options::=--force-confdef -o Dpkg::Options::=--force-confnew install dovecot-core dovecot-imapd dovecot-pop3d dovecot-lmtpd dovecot-sqlite sqlite3 dovecot-sieve dovecot-managesieved
++ E=0
++ set -e
++ '[' 0 '!=' 0 ']'
++ rm -f /tmp/tmp.jeHivn2532
+++ nproc
+++ free -tm
+++ tail -1
+++ awk '{print $2}'
++ tools/editconf.py /etc/dovecot/conf.d/10-master.conf default_process_limit=250 default_vsz_limit=1001M log_path=/var/log/mail.log
++ tools/editconf.py /etc/sysctl.conf fs.inotify.max_user_instances=1024
++ tools/editconf.py /etc/dovecot/conf.d/10-mail.conf mail_location=maildir:/home/user-data/mail/mailboxes/%d/%n mail_privileged_group=mail first_valid_uid=0
++ cp conf/dovecot-mailboxes.conf /etc/dovecot/conf.d/15-mailboxes.conf
++ sed -i 's/#mail_plugins =\(.*\)/mail_plugins =\1 $mail_plugins quota/' /etc/dovecot/conf.d/10-mail.conf
++ grep -q 'mail_plugins.* imap_quota' /etc/dovecot/conf.d/20-imap.conf
++ grep -q 'quota_status_success = DUNNO' /etc/dovecot/conf.d/90-quota.conf
++ tools/editconf.py /etc/dovecot/conf.d/10-auth.conf disable_plaintext_auth=yes 'auth_mechanisms=plain login'
++ tools/editconf.py /etc/dovecot/conf.d/10-ssl.conf ssl=required 'ssl_cert=</home/user-data/ssl/ssl_certificate.pem' 'ssl_key=</home/user-data/ssl/ssl_private_key.pem' ssl_min_protocol=TLSv1.2 ssl_cipher_list=ECDHE-ECDSA-AES128-GCM-SHA256:ECDHE-RSA-AES128-GCM-SHA256:ECDHE-ECDSA-AES256-GCM-SHA384:ECDHE-RSA-AES256-GCM-SHA384:ECDHE-ECDSA-CHACHA20-POLY1305:ECDHE-RSA-CHACHA20-POLY1305:DHE-RSA-AES128-GCM-SHA256:DHE-RSA-AES256-GCM-SHA384 ssl_prefer_server_ciphers=no ssl_dh_parameters_length=2048 'ssl_dh=</home/user-data/ssl/dh2048.pem'
++ sed -i 's/#port = 143/port = 0/' /etc/dovecot/conf.d/10-master.conf
++ sed -i 's/#port = 110/port = 0/' /etc/dovecot/conf.d/10-master.conf
++ tools/editconf.py /etc/dovecot/conf.d/20-imap.conf 'imap_idle_notify_interval=4 mins'
++ tools/editconf.py /etc/dovecot/conf.d/20-pop3.conf pop3_uidl_format=%08Xu%08Xv
++ cat
++ tools/editconf.py /etc/dovecot/conf.d/15-lda.conf postmaster_address=postmaster@box.k3frame.com
++ sed -i 's/#mail_plugins = .*/mail_plugins = $mail_plugins sieve/' /etc/dovecot/conf.d/20-lmtp.conf
++ cat
++ cp conf/sieve-spam.txt /etc/dovecot/sieve-spam.sieve
++ sievec /etc/dovecot/sieve-spam.sieve
++ chown -R mail:dovecot /etc/dovecot
++ chmod -R o-rwx /etc/dovecot
++ mkdir -p /home/user-data/mail/mailboxes
++ chown -R mail:mail /home/user-data/mail/mailboxes
++ mkdir -p /home/user-data/mail/sieve
++ mkdir -p /home/user-data/mail/sieve/global_before
++ mkdir -p /home/user-data/mail/sieve/global_after
++ chown -R mail:mail /home/user-data/mail/sieve
++ ufw_allow imaps
++ '[' -z '' ']'
++ ufw allow imaps
++ ufw_allow pop3s
++ '[' -z '' ']'
++ ufw allow pop3s
++ ufw_allow sieve
++ '[' -z '' ']'
++ ufw allow sieve
++ restart_service dovecot
++ hide_output service dovecot restart
+++ mktemp
++ OUTPUT=/tmp/tmp.oDPr4T46aS
++ set +e
++ service dovecot restart
++ E=0
++ set -e
++ '[' 0 '!=' 0 ']'
++ rm -f /tmp/tmp.oDPr4T46aS
+ source setup/mail-users.sh
++ source setup/functions.sh
+++ set -euo pipefail
+++ PHP_VER=8.0
++ source /etc/mailinabox.conf
+++ STORAGE_USER=user-data
+++ STORAGE_ROOT=/home/user-data
+++ PRIMARY_HOSTNAME=box.k3frame.com
+++ PUBLIC_IP=52.202.225.102
+++ PUBLIC_IPV6=
+++ PRIVATE_IP=172.31.88.201
+++ PRIVATE_IPV6=
+++ MTA_STS_MODE=enforce
++ db_path=/home/user-data/mail/users.sqlite
++ '[' '!' -f /home/user-data/mail/users.sqlite ']'
++ sed -i 's/#*\(\!include auth-system.conf.ext\)/#\1/' /etc/dovecot/conf.d/10-auth.conf
++ sed -i 's/#\(\!include auth-sql.conf.ext\)/\1/' /etc/dovecot/conf.d/10-auth.conf
++ cat
++ cat
++ chmod 0600 /etc/dovecot/dovecot-sql.conf.ext
++ cat
++ tools/editconf.py /etc/postfix/main.cf smtpd_sasl_type=dovecot smtpd_sasl_path=private/auth smtpd_sasl_auth_enable=no
++ tools/editconf.py /etc/postfix/main.cf smtpd_sender_login_maps=sqlite:/etc/postfix/sender-login-maps.cf
++ cat
++ tools/editconf.py /etc/postfix/main.cf smtputf8_enable=no virtual_mailbox_domains=sqlite:/etc/postfix/virtual-mailbox-domains.cf virtual_mailbox_maps=sqlite:/etc/postfix/virtual-mailbox-maps.cf virtual_alias_maps=sqlite:/etc/postfix/virtual-alias-maps.cf 'local_recipient_maps=$virtual_mailbox_maps'
++ cat
++ cat
++ cat
++ restart_service postfix
++ hide_output service postfix restart
+++ mktemp
++ OUTPUT=/tmp/tmp.Eebh9HkcWH
++ set +e
++ service postfix restart
++ E=0
++ set -e
++ '[' 0 '!=' 0 ']'
++ rm -f /tmp/tmp.Eebh9HkcWH
++ restart_service dovecot
++ hide_output service dovecot restart
+++ mktemp
++ OUTPUT=/tmp/tmp.fPfBzJ7Oxp
++ set +e
++ service dovecot restart
++ E=0
++ set -e
++ '[' 0 '!=' 0 ']'
++ rm -f /tmp/tmp.fPfBzJ7Oxp
++ doveadm quota recalc -A
+ source setup/dkim.sh
++ source setup/functions.sh
+++ set -euo pipefail
+++ PHP_VER=8.0
++ source /etc/mailinabox.conf
+++ STORAGE_USER=user-data
+++ STORAGE_ROOT=/home/user-data
+++ PRIMARY_HOSTNAME=box.k3frame.com
+++ PUBLIC_IP=52.202.225.102
+++ PUBLIC_IPV6=
+++ PRIVATE_IP=172.31.88.201
+++ PRIVATE_IPV6=
+++ MTA_STS_MODE=enforce
++ echo 'Installing OpenDKIM/OpenDMARC...'
Installing OpenDKIM/OpenDMARC...
++ apt_install opendkim opendkim-tools opendmarc
++ apt_get_quiet install opendkim opendkim-tools opendmarc
++ DEBIAN_FRONTEND=noninteractive
++ hide_output apt-get -y -o Dpkg::Options::=--force-confdef -o Dpkg::Options::=--force-confnew install opendkim opendkim-tools opendmarc
+++ mktemp
++ OUTPUT=/tmp/tmp.McSknh72Gj
++ set +e
++ apt-get -y -o Dpkg::Options::=--force-confdef -o Dpkg::Options::=--force-confnew install opendkim opendkim-tools opendmarc
++ E=0
++ set -e
++ '[' 0 '!=' 0 ']'
++ rm -f /tmp/tmp.McSknh72Gj
++ mkdir -p /etc/opendkim
++ mkdir -p /home/user-data/mail/dkim
++ echo 127.0.0.1
++ touch /etc/opendkim/KeyTable
++ touch /etc/opendkim/SigningTable
++ grep -q ExternalIgnoreList /etc/opendkim.conf
++ cat
++ '[' '!' -f /home/user-data/mail/dkim/mail.private ']'
++ opendkim-genkey -b 2048 -r -s mail -D /home/user-data/mail/dkim
++ chown -R opendkim:opendkim /home/user-data/mail/dkim
++ chmod go-rwx /home/user-data/mail/dkim
++ tools/editconf.py /etc/opendmarc.conf -s Syslog=true 'Socket=inet:8893@[127.0.0.1]' FailureReports=false
++ tools/editconf.py /etc/opendmarc.conf -s SPFIgnoreResults=true
++ tools/editconf.py /etc/opendmarc.conf -s SPFSelfValidate=true
++ tools/editconf.py /etc/opendmarc.conf -s FailureReportsOnNone=false
++ tools/editconf.py /etc/opendkim.conf -s AlwaysAddARHeader=true
++ tools/editconf.py /etc/postfix/main.cf 'smtpd_milters=inet:127.0.0.1:8891 inet:127.0.0.1:8893' 'non_smtpd_milters=$smtpd_milters' milter_default_action=accept
++ hide_output systemctl enable opendmarc
+++ mktemp
++ OUTPUT=/tmp/tmp.zayuEjw7h1
++ set +e
++ systemctl enable opendmarc
++ E=0
++ set -e
++ '[' 0 '!=' 0 ']'
++ rm -f /tmp/tmp.zayuEjw7h1
++ restart_service opendkim
++ hide_output service opendkim restart
+++ mktemp
++ OUTPUT=/tmp/tmp.VMrsaMBzr6
++ set +e
++ service opendkim restart
++ E=0
++ set -e
++ '[' 0 '!=' 0 ']'
++ rm -f /tmp/tmp.VMrsaMBzr6
++ restart_service opendmarc
++ hide_output service opendmarc restart
+++ mktemp
++ OUTPUT=/tmp/tmp.pxln90HX4k
++ set +e
++ service opendmarc restart
++ E=0
++ set -e
++ '[' 0 '!=' 0 ']'
++ rm -f /tmp/tmp.pxln90HX4k
++ restart_service postfix
++ hide_output service postfix restart
+++ mktemp
++ OUTPUT=/tmp/tmp.BmKcgdv7zv
++ set +e
++ service postfix restart
++ E=0
++ set -e
++ '[' 0 '!=' 0 ']'
++ rm -f /tmp/tmp.BmKcgdv7zv
+ source setup/spamassassin.sh
++ source /etc/mailinabox.conf
+++ STORAGE_USER=user-data
+++ STORAGE_ROOT=/home/user-data
+++ PRIMARY_HOSTNAME=box.k3frame.com
+++ PUBLIC_IP=52.202.225.102
+++ PUBLIC_IPV6=
+++ PRIVATE_IP=172.31.88.201
+++ PRIVATE_IPV6=
+++ MTA_STS_MODE=enforce
++ source setup/functions.sh
+++ set -euo pipefail
+++ PHP_VER=8.0
++ echo 'Installing SpamAssassin...'
Installing SpamAssassin...
++ apt_install spampd razor pyzor dovecot-antispam libmail-dkim-perl
++ apt_get_quiet install spampd razor pyzor dovecot-antispam libmail-dkim-perl
++ DEBIAN_FRONTEND=noninteractive
++ hide_output apt-get -y -o Dpkg::Options::=--force-confdef -o Dpkg::Options::=--force-confnew install spampd razor pyzor dovecot-antispam libmail-dkim-perl
+++ mktemp
++ OUTPUT=/tmp/tmp.dkJDCEYU5U
++ set +e
++ apt-get -y -o Dpkg::Options::=--force-confdef -o Dpkg::Options::=--force-confnew install spampd razor pyzor dovecot-antispam libmail-dkim-perl
++ E=0
++ set -e
++ '[' 0 '!=' 0 ']'
++ rm -f /tmp/tmp.dkJDCEYU5U
++ tools/editconf.py /etc/default/spamassassin CRON=1
++ rm -rf /root/.pyzor
++ tools/editconf.py /etc/spamassassin/local.cf -s 'pyzor_options=--homedir /etc/spamassassin/pyzor'
++ mkdir -p /etc/spamassassin/pyzor
++ echo public.pyzor.org:24441
++ tools/editconf.py /etc/default/spampd DESTPORT=10026 'ADDOPTS="--maxsize=2000"' LOCALONLY=0
++ tools/editconf.py /etc/spamassassin/local.cf -s report_safe=0 'add_header all Report=_REPORT_' 'add_header all Score=_SCORE_'
++ escapedprimaryhostname='box\.k3frame\.com'
++ cat
++ tools/editconf.py /etc/spamassassin/local.cf -s bayes_path=/home/user-data/mail/spamassassin/bayes bayes_file_mode=0666
++ mkdir -p /home/user-data/mail/spamassassin
++ chown -R spampd:spampd /home/user-data/mail/spamassassin
++ sed -i 's/#mail_plugins = .*/mail_plugins = $mail_plugins antispam/' /etc/dovecot/conf.d/20-imap.conf
++ sed -i 's/#mail_plugins = .*/mail_plugins = $mail_plugins antispam/' /etc/dovecot/conf.d/20-pop3.conf
++ cat
++ tools/editconf.py /etc/dovecot/conf.d/10-mail.conf mail_access_groups=spampd
++ rm -f /usr/bin/sa-learn-pipe.sh
++ cat
++ chmod a+x /usr/local/bin/sa-learn-pipe.sh
++ sudo -u spampd /usr/bin/sa-learn --sync
++ chmod -R 660 /home/user-data/mail/spamassassin
++ chmod 770 /home/user-data/mail/spamassassin
++ restart_service spampd
++ hide_output service spampd restart
+++ mktemp
++ OUTPUT=/tmp/tmp.tvGJsrwUud
++ set +e
++ service spampd restart
++ E=0
++ set -e
++ '[' 0 '!=' 0 ']'
++ rm -f /tmp/tmp.tvGJsrwUud
++ restart_service dovecot
++ hide_output service dovecot restart
+++ mktemp
++ OUTPUT=/tmp/tmp.bYe9dLIhN4
++ set +e
++ service dovecot restart
++ E=0
++ set -e
++ '[' 0 '!=' 0 ']'
++ rm -f /tmp/tmp.bYe9dLIhN4
+ source setup/web.sh
++ source setup/functions.sh
+++ set -euo pipefail
+++ PHP_VER=8.0
++ source /etc/mailinabox.conf
+++ STORAGE_USER=user-data
+++ STORAGE_ROOT=/home/user-data
+++ PRIMARY_HOSTNAME=box.k3frame.com
+++ PUBLIC_IP=52.202.225.102
+++ PUBLIC_IPV6=
+++ PRIVATE_IP=172.31.88.201
+++ PRIVATE_IPV6=
+++ MTA_STS_MODE=enforce
++ '[' -f /usr/sbin/apache2 ']'
++ echo 'Installing Nginx (web server)...'
Installing Nginx (web server)...
++ apt_install nginx php8.0-cli php8.0-fpm idn2
++ apt_get_quiet install nginx php8.0-cli php8.0-fpm idn2
++ DEBIAN_FRONTEND=noninteractive
++ hide_output apt-get -y -o Dpkg::Options::=--force-confdef -o Dpkg::Options::=--force-confnew install nginx php8.0-cli php8.0-fpm idn2
+++ mktemp
++ OUTPUT=/tmp/tmp.klUVYzAqxJ
++ set +e
++ apt-get -y -o Dpkg::Options::=--force-confdef -o Dpkg::Options::=--force-confnew install nginx php8.0-cli php8.0-fpm idn2
++ E=0
++ set -e
++ '[' 0 '!=' 0 ']'
++ rm -f /tmp/tmp.klUVYzAqxJ
++ rm -f /etc/nginx/sites-enabled/default
++ rm -f /etc/nginx/nginx-ssl.conf
++ sed s#STORAGE_ROOT#/home/user-data# conf/nginx-ssl.conf
++ tools/editconf.py /etc/nginx/nginx.conf -s 'server_names_hash_bucket_size=128;' 'ssl_protocols=TLSv1.2 TLSv1.3;'
++ tools/editconf.py /etc/php/8.0/fpm/php.ini -c ';' expose_php=Off
++ tools/editconf.py /etc/php/8.0/fpm/php.ini -c ';' default_charset=UTF-8
++ tools/editconf.py /etc/php/8.0/fpm/pool.d/www.conf -c ';' 'env[PATH]=/usr/local/bin:/usr/bin:/bin'
+++ head -n 1 /proc/meminfo
+++ awk '{print $2}'
++ TOTAL_PHYSICAL_MEM=980264
++ '[' 980264 -lt 1000000 ']'
++ tools/editconf.py /etc/php/8.0/fpm/pool.d/www.conf -c ';' pm=ondemand pm.max_children=8 pm.start_servers=2 pm.min_spare_servers=1 pm.max_spare_servers=3
++ mkdir -p /var/lib/mailinabox
++ chmod a+rx /var/lib/mailinabox
++ sed s/PRIMARY_HOSTNAME/box.k3frame.com/
++ cat conf/ios-profile.xml
+++ cat /proc/sys/kernel/random/uuid
+++ cat /proc/sys/kernel/random/uuid
+++ cat /proc/sys/kernel/random/uuid
+++ cat /proc/sys/kernel/random/uuid
++ sed s/UUID3/1c3fba73-70de-4841-ab23-12190ade2983/
++ sed s/UUID2/3d847629-dbba-4d8e-949b-c2cefb5a5a53/
++ sed s/UUID4/8bb00604-e905-4156-827b-2389ddc9f3d8/
++ sed s/UUID1/b1a63d18-3cd3-4f85-a547-fc63ecf437c9/
++ chmod a+r /var/lib/mailinabox/mobileconfig.xml
++ cat conf/mozilla-autoconfig.xml
++ sed s/PRIMARY_HOSTNAME/box.k3frame.com/
++ chmod a+r /var/lib/mailinabox/mozilla-autoconfig.xml
+++ echo box.k3frame.com
+++ idn2
++ PUNY_PRIMARY_HOSTNAME=box.k3frame.com
++ cat conf/mta-sts.txt
++ sed s/MODE/enforce/
++ sed s/PRIMARY_HOSTNAME/box.k3frame.com/
++ chmod a+r /var/lib/mailinabox/mta-sts.txt
++ '[' -d /home/user-data/www/static ']'
++ mkdir -p /home/user-data/www/default
++ '[' '!' -f /home/user-data/www/default/index.html ']'
++ cp conf/www_default.html /home/user-data/www/default/index.html
++ chown -R user-data /home/user-data/www
++ restart_service nginx
++ hide_output service nginx restart
+++ mktemp
++ OUTPUT=/tmp/tmp.JvxxLKUiTv
++ set +e
++ service nginx restart
++ E=0
++ set -e
++ '[' 0 '!=' 0 ']'
++ rm -f /tmp/tmp.JvxxLKUiTv
++ restart_service php8.0-fpm
++ hide_output service php8.0-fpm restart
+++ mktemp
++ OUTPUT=/tmp/tmp.bhFT2LVyBd
++ set +e
++ service php8.0-fpm restart
++ E=0
++ set -e
++ '[' 0 '!=' 0 ']'
++ rm -f /tmp/tmp.bhFT2LVyBd
++ ufw_allow http
++ '[' -z '' ']'
++ ufw allow http
++ ufw_allow https
++ '[' -z '' ']'
++ ufw allow https
+ source setup/webmail.sh
++ source setup/functions.sh
+++ set -euo pipefail
+++ PHP_VER=8.0
++ source /etc/mailinabox.conf
+++ STORAGE_USER=user-data
+++ STORAGE_ROOT=/home/user-data
+++ PRIMARY_HOSTNAME=box.k3frame.com
+++ PUBLIC_IP=52.202.225.102
+++ PUBLIC_IPV6=
+++ PRIVATE_IP=172.31.88.201
+++ PRIVATE_IPV6=
+++ MTA_STS_MODE=enforce
++ echo 'Installing Roundcube (webmail)...'
Installing Roundcube (webmail)...
++ apt_install dbconfig-common php8.0-cli php8.0-sqlite3 php8.0-intl php8.0-common php8.0-curl php8.0-imap php8.0-gd php8.0-pspell php8.0-mbstring php8.0-xml libjs-jquery libjs-jquery-mousewheel libmagic1 sqlite3
++ apt_get_quiet install dbconfig-common php8.0-cli php8.0-sqlite3 php8.0-intl php8.0-common php8.0-curl php8.0-imap php8.0-gd php8.0-pspell php8.0-mbstring php8.0-xml libjs-jquery libjs-jquery-mousewheel libmagic1 sqlite3
++ DEBIAN_FRONTEND=noninteractive
++ hide_output apt-get -y -o Dpkg::Options::=--force-confdef -o Dpkg::Options::=--force-confnew install dbconfig-common php8.0-cli php8.0-sqlite3 php8.0-intl php8.0-common php8.0-curl php8.0-imap php8.0-gd php8.0-pspell php8.0-mbstring php8.0-xml libjs-jquery libjs-jquery-mousewheel libmagic1 sqlite3
+++ mktemp
++ OUTPUT=/tmp/tmp.vlyQCJhBMc
++ set +e
++ apt-get -y -o Dpkg::Options::=--force-confdef -o Dpkg::Options::=--force-confnew install dbconfig-common php8.0-cli php8.0-sqlite3 php8.0-intl php8.0-common php8.0-curl php8.0-imap php8.0-gd php8.0-pspell php8.0-mbstring php8.0-xml libjs-jquery libjs-jquery-mousewheel libmagic1 sqlite3
++ E=0
++ set -e
++ '[' 0 '!=' 0 ']'
++ rm -f /tmp/tmp.vlyQCJhBMc
++ VERSION=1.6.12
++ HASH=544bc6b91a19bf1cc4a1255c5106a732325e1ce7
++ PERSISTENT_LOGIN_VERSION=bde7b6840c7d91de627ea14e81cf4133cbb3c07a
++ HTML5_NOTIFIER_VERSION=68d9ca194212e15b3c7225eb6085dbcf02fd13d7
++ CARDDAV_VERSION=4.4.3
++ CARDDAV_HASH=74f8ba7aee33e78beb9de07f7f44b81f6071b644
++ UPDATE_KEY=1.6.12:bde7b6840c7d91de627ea14e81cf4133cbb3c07a:68d9ca194212e15b3c7225eb6085dbcf02fd13d7:4.4.3
++ RCM_DIR=/usr/local/lib/roundcubemail
++ RCM_PLUGIN_DIR=/usr/local/lib/roundcubemail/plugins
++ RCM_CONFIG=/usr/local/lib/roundcubemail/config/config.inc.php
++ needs_update=0
++ '[' '!' -f /usr/local/lib/roundcubemail/version ']'
++ needs_update=1
++ '[' 1 == 1 ']'
++ '[' -f /usr/local/lib/roundcubemail/version ']'
++ wget_verify https://github.com/roundcube/roundcubemail/releases/download/1.6.12/roundcubemail-1.6.12-complete.tar.gz 544bc6b91a19bf1cc4a1255c5106a732325e1ce7 /tmp/roundcube.tgz
++ URL=https://github.com/roundcube/roundcubemail/releases/download/1.6.12/roundcubemail-1.6.12-complete.tar.gz
++ HASH=544bc6b91a19bf1cc4a1255c5106a732325e1ce7
++ DEST=/tmp/roundcube.tgz
++ CHECKSUM='544bc6b91a19bf1cc4a1255c5106a732325e1ce7  /tmp/roundcube.tgz'
++ rm -f /tmp/roundcube.tgz
++ hide_output wget -O /tmp/roundcube.tgz https://github.com/roundcube/roundcubemail/releases/download/1.6.12/roundcubemail-1.6.12-complete.tar.gz
+++ mktemp
++ OUTPUT=/tmp/tmp.feHH8EB0UQ
++ set +e
++ wget -O /tmp/roundcube.tgz https://github.com/roundcube/roundcubemail/releases/download/1.6.12/roundcubemail-1.6.12-complete.tar.gz
++ E=0
++ set -e
++ '[' 0 '!=' 0 ']'
++ rm -f /tmp/tmp.feHH8EB0UQ
++ echo '544bc6b91a19bf1cc4a1255c5106a732325e1ce7  /tmp/roundcube.tgz'
++ sha1sum --check --strict
++ tar -C /usr/local/lib --no-same-owner -zxf /tmp/roundcube.tgz
++ rm -rf /usr/local/lib/roundcubemail
++ mv /usr/local/lib/roundcubemail-1.6.12/ /usr/local/lib/roundcubemail
++ rm -f /tmp/roundcube.tgz
++ git_clone https://github.com/mfreiholz/Roundcube-Persistent-Login-Plugin.git bde7b6840c7d91de627ea14e81cf4133cbb3c07a '' /usr/local/lib/roundcubemail/plugins/persistent_login
++ REPO=https://github.com/mfreiholz/Roundcube-Persistent-Login-Plugin.git
++ TREEISH=bde7b6840c7d91de627ea14e81cf4133cbb3c07a
++ SUBDIR=
++ TARGETPATH=/usr/local/lib/roundcubemail/plugins/persistent_login
++ TMPPATH=/tmp/git-clone-13418
++ rm -rf /tmp/git-clone-13418 /usr/local/lib/roundcubemail/--output truncated--